Running 15s test @ http://127.0.0.1:3001/
  2 threads and 150 connections
  Thread calibration: mean lat.: 17.492ms, rate sampling interval: 10ms
  Thread calibration: mean lat.: 33.166ms, rate sampling interval: 10ms
  Thread Stats   Avg      Stdev     Max   +/- Stdev
    Latency     1.09ms  526.68us   5.47ms   75.23%
    Req/Sec    51.45     91.78   333.00     77.18%
  Latency Distribution (HdrHistogram - Recorded Latency)
 50.000%    1.04ms
 75.000%    1.35ms
 90.000%    1.65ms
 99.000%    2.77ms
 99.900%    5.47ms
 99.990%    5.47ms
 99.999%    5.47ms
100.000%    5.47ms

  Detailed Percentile spectrum:
       Value   Percentile   TotalCount 1/(1-Percentile)

       0.305     0.000000            1         1.00
       0.509     0.100000           45         1.11
       0.680     0.200000           89         1.25
       0.802     0.300000          134         1.43
       0.904     0.400000          179         1.67
       1.039     0.500000          223         2.00
       1.094     0.550000          245         2.22
       1.161     0.600000          268         2.50
       1.206     0.650000          289         2.86
       1.264     0.700000          311         3.33
       1.353     0.750000          333         4.00
       1.387     0.775000          345         4.44
       1.427     0.800000          356         5.00
       1.461     0.825000          367         5.71
       1.528     0.850000          378         6.67
       1.577     0.875000          389         8.00
       1.601     0.887500          395         8.89
       1.647     0.900000          400        10.00
       1.693     0.912500          406        11.43
       1.744     0.925000          411        13.33
       1.814     0.937500          417        16.00
       1.848     0.943750          420        17.78
       1.863     0.950000          422        20.00
       1.918     0.956250          425        22.86
       1.966     0.962500          428        26.67
       1.988     0.968750          431        32.00
       2.010     0.971875          432        35.56
       2.049     0.975000          433        40.00
       2.075     0.978125          435        45.71
       2.165     0.981250          436        53.33
       2.287     0.984375          438        64.00
       2.287     0.985938          438        71.11
       2.601     0.987500          439        80.00
       2.771     0.989062          440        91.43
       2.771     0.990625          440       106.67
       2.823     0.992188          441       128.00
       2.823     0.992969          441       142.22
       4.155     0.993750          442       160.00
       4.155     0.994531          442       182.86
       4.155     0.995313          442       213.33
       4.387     0.996094          443       256.00
       4.387     0.996484          443       284.44
       4.387     0.996875          443       320.00
       4.387     0.997266          443       365.71
       4.387     0.997656          443       426.67
       5.475     0.998047          444       512.00
       5.475     1.000000          444          inf
#[Mean    =        1.090, StdDeviation   =        0.527]
#[Max     =        5.472, Total count    =          444]
#[Buckets =           27, SubBuckets     =         2048]
----------------------------------------------------------
  1492 requests in 15.01s, 183.59KB read
Requests/sec:     99.42
Transfer/sec:     12.23KB
