Running 15s test @ http://127.0.0.1:3002/
  2 threads and 150 connections
  Thread calibration: mean lat.: 19.569ms, rate sampling interval: 145ms
  Thread calibration: mean lat.: 19.249ms, rate sampling interval: 147ms
  Thread Stats   Avg      Stdev     Max   +/- Stdev
    Latency    19.36ms   31.30ms 100.61ms   76.44%
    Req/Sec    49.71     77.93   215.00     75.81%
  Latency Distribution (HdrHistogram - Recorded Latency)
 50.000%    1.23ms
 75.000%   38.11ms
 90.000%   75.52ms
 99.000%   93.76ms
 99.900%  100.67ms
 99.990%  100.67ms
 99.999%  100.67ms
100.000%  100.67ms

  Detailed Percentile spectrum:
       Value   Percentile   TotalCount 1/(1-Percentile)

       0.196     0.000000            1         1.00
       0.549     0.100000           45         1.11
       0.778     0.200000           90         1.25
       0.953     0.300000          135         1.43
       1.095     0.400000          180         1.67
       1.225     0.500000          227         2.00
       1.291     0.550000          248         2.22
       1.428     0.600000          270         2.50
       1.656     0.650000          293         2.86
       1.973     0.700000          315         3.33
      38.111     0.750000          338         4.00
      57.471     0.775000          349         4.44
      64.063     0.800000          360         5.00
      67.263     0.825000          372         5.71
      70.783     0.850000          383         6.67
      73.151     0.875000          394         8.00
      74.943     0.887500          400         8.89
      75.519     0.900000          405        10.00
      75.967     0.912500          412        11.43
      77.311     0.925000          417        13.33
      78.207     0.937500          422        16.00
      78.975     0.943750          425        17.78
      80.319     0.950000          428        20.00
      80.895     0.956250          431        22.86
      82.495     0.962500          434        26.67
      83.775     0.968750          436        32.00
      87.487     0.971875          438        35.56
      87.551     0.975000          439        40.00
      89.343     0.978125          441        45.71
      89.727     0.981250          442        53.33
      91.007     0.984375          443        64.00
      92.287     0.985938          444        71.11
      93.311     0.987500          445        80.00
      93.759     0.989062          446        91.43
      93.759     0.990625          446       106.67
      94.527     0.992188          447       128.00
      94.527     0.992969          447       142.22
      96.575     0.993750          448       160.00
      96.575     0.994531          448       182.86
      96.575     0.995313          448       213.33
      98.303     0.996094          449       256.00
      98.303     0.996484          449       284.44
      98.303     0.996875          449       320.00
      98.303     0.997266          449       365.71
      98.303     0.997656          449       426.67
     100.671     0.998047          450       512.00
     100.671     1.000000          450          inf
#[Mean    =       19.356, StdDeviation   =       31.297]
#[Max     =      100.608, Total count    =          450]
#[Buckets =           27, SubBuckets     =         2048]
----------------------------------------------------------
  1502 requests in 15.02s, 184.82KB read
Requests/sec:    100.01
Transfer/sec:     12.31KB
