Running 15s test @ http://127.0.0.1:3001/
  2 threads and 150 connections
  Thread calibration: mean lat.: 71.337ms, rate sampling interval: 10ms
  Thread calibration: mean lat.: 48.481ms, rate sampling interval: 10ms
  Thread Stats   Avg      Stdev     Max   +/- Stdev
    Latency    59.35ms  528.19ms   7.30s    98.42%
    Req/Sec    50.53     92.24   666.00     78.54%
  Latency Distribution (HdrHistogram - Recorded Latency)
 50.000%    1.13ms
 75.000%    1.46ms
 90.000%    2.08ms
 99.000%    2.81s 
 99.900%    7.31s 
 99.990%    7.31s 
 99.999%    7.31s 
100.000%    7.31s 

  Detailed Percentile spectrum:
       Value   Percentile   TotalCount 1/(1-Percentile)

       0.184     0.000000            1         1.00
       0.555     0.100000           45         1.11
       0.707     0.200000           89         1.25
       0.865     0.300000          133         1.43
       0.991     0.400000          177         1.67
       1.131     0.500000          221         2.00
       1.201     0.550000          244         2.22
       1.261     0.600000          266         2.50
       1.345     0.650000          288         2.86
       1.400     0.700000          311         3.33
       1.462     0.750000          332         4.00
       1.501     0.775000          343         4.44
       1.567     0.800000          354         5.00
       1.617     0.825000          365         5.71
       1.718     0.850000          376         6.67
       1.923     0.875000          387         8.00
       1.997     0.887500          393         8.89
       2.081     0.900000          398        10.00
       2.201     0.912500          404        11.43
       2.363     0.925000          409        13.33
       2.505     0.937500          415        16.00
       2.781     0.943750          419        17.78
       2.879     0.950000          420        20.00
       3.561     0.956250          423        22.86
       4.347     0.962500          426        26.67
       5.499     0.968750          429        32.00
       6.459     0.971875          430        35.56
       6.883     0.975000          431        40.00
       9.463     0.978125          433        45.71
      10.119     0.981250          434        53.33
    1306.623     0.984375          436        64.00
    1306.623     0.985938          436        71.11
    1315.839     0.987500          437        80.00
    2807.807     0.989062          438        91.43
    2807.807     0.990625          438       106.67
    2815.999     0.992188          439       128.00
    2815.999     0.992969          439       142.22
    4308.991     0.993750          440       160.00
    4308.991     0.994531          440       182.86
    4308.991     0.995313          440       213.33
    5808.127     0.996094          441       256.00
    5808.127     0.996484          441       284.44
    5808.127     0.996875          441       320.00
    5808.127     0.997266          441       365.71
    5808.127     0.997656          441       426.67
    7307.263     0.998047          442       512.00
    7307.263     1.000000          442          inf
#[Mean    =       59.347, StdDeviation   =      528.186]
#[Max     =     7303.168, Total count    =          442]
#[Buckets =           27, SubBuckets     =         2048]
----------------------------------------------------------
  1480 requests in 15.00s, 182.11KB read
Requests/sec:     98.66
Transfer/sec:     12.14KB
