Running 15s test @ http://127.0.0.1:3002/
  2 threads and 150 connections
  Thread calibration: mean lat.: 1.394ms, rate sampling interval: 10ms
  Thread calibration: mean lat.: 1.371ms, rate sampling interval: 10ms
  Thread Stats   Avg      Stdev     Max   +/- Stdev
    Latency     1.16ms  593.47us   5.44ms   81.61%
    Req/Sec    49.94     91.06   333.00     78.65%
  Latency Distribution (HdrHistogram - Recorded Latency)
 50.000%    1.10ms
 75.000%    1.40ms
 90.000%    1.71ms
 99.000%    3.29ms
 99.900%    5.44ms
 99.990%    5.44ms
 99.999%    5.44ms
100.000%    5.44ms

  Detailed Percentile spectrum:
       Value   Percentile   TotalCount 1/(1-Percentile)

       0.198     0.000000            1         1.00
       0.581     0.100000           44         1.11
       0.729     0.200000           87         1.25
       0.861     0.300000          132         1.43
       0.959     0.400000          175         1.67
       1.099     0.500000          218         2.00
       1.156     0.550000          240         2.22
       1.213     0.600000          261         2.50
       1.267     0.650000          283         2.86
       1.327     0.700000          305         3.33
       1.402     0.750000          327         4.00
       1.440     0.775000          338         4.44
       1.470     0.800000          348         5.00
       1.526     0.825000          359         5.71
       1.596     0.850000          370         6.67
       1.654     0.875000          381         8.00
       1.672     0.887500          387         8.89
       1.705     0.900000          392        10.00
       1.790     0.912500          397        11.43
       1.848     0.925000          403        13.33
       1.963     0.937500          408        16.00
       2.000     0.943750          411        17.78
       2.053     0.950000          414        20.00
       2.107     0.956250          416        22.86
       2.163     0.962500          419        26.67
       2.241     0.968750          422        32.00
       2.265     0.971875          423        35.56
       2.413     0.975000          425        40.00
       2.471     0.978125          426        45.71
       2.697     0.981250          427        53.33
       3.157     0.984375          429        64.00
       3.157     0.985938          429        71.11
       3.245     0.987500          430        80.00
       3.293     0.989062          431        91.43
       3.293     0.990625          431       106.67
       3.477     0.992188          432       128.00
       3.477     0.992969          432       142.22
       4.959     0.993750          433       160.00
       4.959     0.994531          433       182.86
       4.959     0.995313          433       213.33
       5.219     0.996094          434       256.00
       5.219     0.996484          434       284.44
       5.219     0.996875          434       320.00
       5.219     0.997266          434       365.71
       5.219     0.997656          434       426.67
       5.439     0.998047          435       512.00
       5.439     1.000000          435          inf
#[Mean    =        1.161, StdDeviation   =        0.593]
#[Max     =        5.436, Total count    =          435]
#[Buckets =           27, SubBuckets     =         2048]
----------------------------------------------------------
  1452 requests in 15.00s, 178.66KB read
Requests/sec:     96.78
Transfer/sec:     11.91KB
