Running 15s test @ http://127.0.0.1:3001/
  2 threads and 150 connections
  Thread calibration: mean lat.: 16.969ms, rate sampling interval: 91ms
  Thread calibration: mean lat.: 16.711ms, rate sampling interval: 99ms
  Thread Stats   Avg      Stdev     Max   +/- Stdev
    Latency    16.55ms   25.64ms 201.47ms   89.33%
    Req/Sec    49.38     80.86   233.00     80.21%
  Latency Distribution (HdrHistogram - Recorded Latency)
 50.000%    2.06ms
 75.000%   26.46ms
 90.000%   43.07ms
 99.000%  126.14ms
 99.900%  201.60ms
 99.990%  201.60ms
 99.999%  201.60ms
100.000%  201.60ms

  Detailed Percentile spectrum:
       Value   Percentile   TotalCount 1/(1-Percentile)

       0.254     0.000000            1         1.00
       0.701     0.100000           45         1.11
       1.058     0.200000           90         1.25
       1.265     0.300000          135         1.43
       1.513     0.400000          180         1.67
       2.061     0.500000          225         2.00
       6.007     0.550000          248         2.22
       6.991     0.600000          270         2.50
      11.879     0.650000          293         2.86
      20.655     0.700000          315         3.33
      26.463     0.750000          338         4.00
      27.983     0.775000          349         4.44
      30.671     0.800000          360         5.00
      32.319     0.825000          372         5.71
      35.583     0.850000          383         6.67
      39.103     0.875000          394         8.00
      41.663     0.887500          401         8.89
      43.071     0.900000          405        10.00
      44.383     0.912500          411        11.43
      58.495     0.925000          417        13.33
      65.119     0.937500          422        16.00
      68.159     0.943750          425        17.78
      70.207     0.950000          428        20.00
      73.535     0.956250          431        22.86
      76.415     0.962500          434        26.67
      80.831     0.968750          436        32.00
      84.991     0.971875          438        35.56
      91.199     0.975000          439        40.00
      95.039     0.978125          441        45.71
      97.599     0.981250          442        53.33
      99.711     0.984375          443        64.00
     112.127     0.985938          444        71.11
     119.359     0.987500          445        80.00
     126.143     0.989062          446        91.43
     126.143     0.990625          446       106.67
     128.383     0.992188          447       128.00
     128.383     0.992969          447       142.22
     129.791     0.993750          448       160.00
     129.791     0.994531          448       182.86
     129.791     0.995313          448       213.33
     135.679     0.996094          449       256.00
     135.679     0.996484          449       284.44
     135.679     0.996875          449       320.00
     135.679     0.997266          449       365.71
     135.679     0.997656          449       426.67
     201.599     0.998047          450       512.00
     201.599     1.000000          450          inf
#[Mean    =       16.545, StdDeviation   =       25.642]
#[Max     =      201.472, Total count    =          450]
#[Buckets =           27, SubBuckets     =         2048]
----------------------------------------------------------
  1502 requests in 15.02s, 184.82KB read
Requests/sec:     99.99
Transfer/sec:     12.30KB
