Running 15s test @ http://127.0.0.1:3002/
  2 threads and 150 connections
  Thread calibration: mean lat.: 24.215ms, rate sampling interval: 154ms
  Thread calibration: mean lat.: 15.392ms, rate sampling interval: 140ms
  Thread Stats   Avg      Stdev     Max   +/- Stdev
    Latency    19.77ms   31.59ms  94.14ms   75.78%
    Req/Sec    48.70     78.16   222.00     77.78%
  Latency Distribution (HdrHistogram - Recorded Latency)
 50.000%    1.34ms
 75.000%   38.85ms
 90.000%   76.29ms
 99.000%   91.65ms
 99.900%   94.21ms
 99.990%   94.21ms
 99.999%   94.21ms
100.000%   94.21ms

  Detailed Percentile spectrum:
       Value   Percentile   TotalCount 1/(1-Percentile)

       0.228     0.000000            1         1.00
       0.660     0.100000           45         1.11
       0.865     0.200000           90         1.25
       1.001     0.300000          135         1.43
       1.194     0.400000          181         1.67
       1.337     0.500000          225         2.00
       1.424     0.550000          248         2.22
       1.509     0.600000          270         2.50
       1.715     0.650000          293         2.86
       2.097     0.700000          315         3.33
      38.847     0.750000          338         4.00
      59.103     0.775000          349         4.44
      65.055     0.800000          360         5.00
      68.927     0.825000          373         5.71
      71.807     0.850000          383         6.67
      74.943     0.875000          394         8.00
      75.455     0.887500          400         8.89
      76.287     0.900000          405        10.00
      77.823     0.912500          411        11.43
      78.463     0.925000          417        13.33
      80.639     0.937500          422        16.00
      81.407     0.943750          425        17.78
      82.303     0.950000          428        20.00
      83.839     0.956250          431        22.86
      84.287     0.962500          434        26.67
      84.607     0.968750          436        32.00
      86.143     0.971875          438        35.56
      86.271     0.975000          439        40.00
      87.807     0.978125          441        45.71
      87.935     0.981250          442        53.33
      88.191     0.984375          443        64.00
      88.575     0.985938          444        71.11
      88.639     0.987500          445        80.00
      91.647     0.989062          446        91.43
      91.647     0.990625          446       106.67
      92.287     0.992188          447       128.00
      92.287     0.992969          447       142.22
      92.415     0.993750          448       160.00
      92.415     0.994531          448       182.86
      92.415     0.995313          448       213.33
      93.311     0.996094          449       256.00
      93.311     0.996484          449       284.44
      93.311     0.996875          449       320.00
      93.311     0.997266          449       365.71
      93.311     0.997656          449       426.67
      94.207     0.998047          450       512.00
      94.207     1.000000          450          inf
#[Mean    =       19.771, StdDeviation   =       31.590]
#[Max     =       94.144, Total count    =          450]
#[Buckets =           27, SubBuckets     =         2048]
----------------------------------------------------------
  1502 requests in 15.02s, 184.82KB read
Requests/sec:     99.99
Transfer/sec:     12.30KB
