Running 15s test @ http://127.0.0.1:3001/
  2 threads and 100 connections
  Thread calibration: mean lat.: 35.530ms, rate sampling interval: 252ms
  Thread calibration: mean lat.: 35.618ms, rate sampling interval: 251ms
  Thread Stats   Avg      Stdev     Max   +/- Stdev
    Latency    36.26ms   52.84ms 149.89ms   74.04%
    Req/Sec   147.95     20.89   192.00     67.57%
  Latency Distribution (HdrHistogram - Recorded Latency)
 50.000%    1.25ms
 75.000%   96.89ms
 90.000%  124.61ms
 99.000%  140.67ms
 99.900%  148.48ms
 99.990%  150.01ms
 99.999%  150.01ms
100.000%  150.01ms

  Detailed Percentile spectrum:
       Value   Percentile   TotalCount 1/(1-Percentile)

       0.149     0.000000            1         1.00
       0.552     0.100000          141         1.11
       0.768     0.200000          282         1.25
       0.962     0.300000          423         1.43
       1.103     0.400000          565         1.67
       1.252     0.500000          704         2.00
       1.367     0.550000          774         2.22
       1.549     0.600000          844         2.50
       1.817     0.650000          914         2.86
      57.343     0.700000          985         3.33
      96.895     0.750000         1055         4.00
     107.775     0.775000         1090         4.44
     112.959     0.800000         1125         5.00
     116.543     0.825000         1160         5.71
     119.359     0.850000         1197         6.67
     121.471     0.875000         1233         8.00
     122.879     0.887500         1248         8.89
     124.607     0.900000         1266        10.00
     125.759     0.912500         1283        11.43
     127.679     0.925000         1301        13.33
     129.151     0.937500         1319        16.00
     129.919     0.943750         1327        17.78
     131.199     0.950000         1336        20.00
     132.223     0.956250         1345        22.86
     132.991     0.962500         1354        26.67
     134.399     0.968750         1363        32.00
     135.295     0.971875         1367        35.56
     136.319     0.975000         1371        40.00
     137.855     0.978125         1376        45.71
     138.495     0.981250         1380        53.33
     139.391     0.984375         1386        64.00
     139.903     0.985938         1389        71.11
     139.903     0.987500         1389        80.00
     140.543     0.989062         1391        91.43
     140.799     0.990625         1393       106.67
     141.567     0.992188         1396       128.00
     141.951     0.992969         1397       142.22
     142.079     0.993750         1398       160.00
     142.335     0.994531         1399       182.86
     144.127     0.995313         1400       213.33
     145.407     0.996094         1401       256.00
     147.071     0.996484         1402       284.44
     147.071     0.996875         1402       320.00
     147.199     0.997266         1403       365.71
     147.199     0.997656         1403       426.67
     147.711     0.998047         1404       512.00
     147.711     0.998242         1404       568.89
     147.711     0.998437         1404       640.00
     148.479     0.998633         1405       731.43
     148.479     0.998828         1405       853.33
     148.479     0.999023         1405      1024.00
     148.479     0.999121         1405      1137.78
     148.479     0.999219         1405      1280.00
     150.015     0.999316         1406      1462.86
     150.015     1.000000         1406          inf
#[Mean    =       36.257, StdDeviation   =       52.839]
#[Max     =      149.888, Total count    =         1406]
#[Buckets =           27, SubBuckets     =         2048]
----------------------------------------------------------
  4497 requests in 15.03s, 553.34KB read
Requests/sec:    299.28
Transfer/sec:     36.83KB
