Running 15s test @ http://127.0.0.1:3002/
  2 threads and 100 connections
  Thread calibration: mean lat.: 34.464ms, rate sampling interval: 256ms
  Thread calibration: mean lat.: 37.337ms, rate sampling interval: 258ms
  Thread Stats   Avg      Stdev     Max   +/- Stdev
    Latency    36.39ms   53.78ms 159.62ms   74.43%
    Req/Sec   149.36     17.38   186.00     66.67%
  Latency Distribution (HdrHistogram - Recorded Latency)
 50.000%    1.28ms
 75.000%   94.59ms
 90.000%  126.85ms
 99.000%  146.56ms
 99.900%  159.36ms
 99.990%  159.74ms
 99.999%  159.74ms
100.000%  159.74ms

  Detailed Percentile spectrum:
       Value   Percentile   TotalCount 1/(1-Percentile)

       0.143     0.000000            1         1.00
       0.546     0.100000          141         1.11
       0.781     0.200000          282         1.25
       0.962     0.300000          423         1.43
       1.126     0.400000          564         1.67
       1.281     0.500000          704         2.00
       1.386     0.550000          775         2.22
       1.525     0.600000          845         2.50
       1.799     0.650000          916         2.86
      54.207     0.700000          986         3.33
      94.591     0.750000         1056         4.00
     107.455     0.775000         1092         4.44
     113.919     0.800000         1127         5.00
     117.439     0.825000         1162         5.71
     121.279     0.850000         1199         6.67
     124.095     0.875000         1232         8.00
     125.247     0.887500         1250         8.89
     126.911     0.900000         1268        10.00
     128.255     0.912500         1286        11.43
     130.367     0.925000         1303        13.33
     131.711     0.937500         1320        16.00
     132.479     0.943750         1329        17.78
     133.503     0.950000         1338        20.00
     134.527     0.956250         1348        22.86
     136.959     0.962500         1358        26.67
     137.983     0.968750         1365        32.00
     138.751     0.971875         1370        35.56
     139.391     0.975000         1373        40.00
     140.671     0.978125         1379        45.71
     141.183     0.981250         1382        53.33
     142.463     0.984375         1386        64.00
     143.871     0.985938         1389        71.11
     144.255     0.987500         1391        80.00
     145.151     0.989062         1393        91.43
     147.199     0.990625         1395       106.67
     147.455     0.992188         1397       128.00
     149.375     0.992969         1399       142.22
     149.759     0.993750         1400       160.00
     150.271     0.994531         1401       182.86
     150.911     0.995313         1402       213.33
     152.063     0.996094         1403       256.00
     155.007     0.996484         1404       284.44
     155.007     0.996875         1404       320.00
     155.263     0.997266         1405       365.71
     155.263     0.997656         1405       426.67
     157.183     0.998047         1406       512.00
     157.183     0.998242         1406       568.89
     157.183     0.998437         1406       640.00
     159.359     0.998633         1407       731.43
     159.359     0.998828         1407       853.33
     159.359     0.999023         1407      1024.00
     159.359     0.999121         1407      1137.78
     159.359     0.999219         1407      1280.00
     159.743     0.999316         1408      1462.86
     159.743     1.000000         1408          inf
#[Mean    =       36.394, StdDeviation   =       53.779]
#[Max     =      159.616, Total count    =         1408]
#[Buckets =           27, SubBuckets     =         2048]
----------------------------------------------------------
  4498 requests in 15.05s, 553.46KB read
Requests/sec:    298.83
Transfer/sec:     36.77KB
