Running 15s test @ http://127.0.0.1:3001/
  2 threads and 150 connections
  Thread calibration: mean lat.: 16.914ms, rate sampling interval: 91ms
  Thread calibration: mean lat.: 17.040ms, rate sampling interval: 88ms
  Thread Stats   Avg      Stdev     Max   +/- Stdev
    Latency    16.74ms   24.18ms 168.06ms   86.89%
    Req/Sec    49.29     79.53   219.00     77.45%
  Latency Distribution (HdrHistogram - Recorded Latency)
 50.000%    4.36ms
 75.000%   26.24ms
 90.000%   46.94ms
 99.000%  103.49ms
 99.900%  168.19ms
 99.990%  168.19ms
 99.999%  168.19ms
100.000%  168.19ms

  Detailed Percentile spectrum:
       Value   Percentile   TotalCount 1/(1-Percentile)

       0.237     0.000000            1         1.00
       0.709     0.100000           45         1.11
       1.038     0.200000           90         1.25
       1.407     0.300000          135         1.43
       2.613     0.400000          180         1.67
       4.359     0.500000          225         2.00
       6.031     0.550000          248         2.22
       8.735     0.600000          270         2.50
      15.447     0.650000          293         2.86
      22.191     0.700000          316         3.33
      26.239     0.750000          338         4.00
      29.007     0.775000          349         4.44
      30.991     0.800000          360         5.00
      34.047     0.825000          372         5.71
      38.047     0.850000          383         6.67
      41.439     0.875000          394         8.00
      43.647     0.887500          400         8.89
      46.943     0.900000          405        10.00
      50.079     0.912500          411        11.43
      53.343     0.925000          417        13.33
      56.415     0.937500          422        16.00
      58.591     0.943750          425        17.78
      61.919     0.950000          429        20.00
      66.943     0.956250          431        22.86
      72.511     0.962500          434        26.67
      75.455     0.968750          436        32.00
      77.567     0.971875          438        35.56
      85.503     0.975000          439        40.00
      92.479     0.978125          441        45.71
      92.607     0.981250          442        53.33
      93.631     0.984375          443        64.00
      94.079     0.985938          444        71.11
      98.175     0.987500          445        80.00
     103.487     0.989062          446        91.43
     103.487     0.990625          446       106.67
     125.183     0.992188          447       128.00
     125.183     0.992969          447       142.22
     143.743     0.993750          448       160.00
     143.743     0.994531          448       182.86
     143.743     0.995313          448       213.33
     155.647     0.996094          449       256.00
     155.647     0.996484          449       284.44
     155.647     0.996875          449       320.00
     155.647     0.997266          449       365.71
     155.647     0.997656          449       426.67
     168.191     0.998047          450       512.00
     168.191     1.000000          450          inf
#[Mean    =       16.742, StdDeviation   =       24.179]
#[Max     =      168.064, Total count    =          450]
#[Buckets =           27, SubBuckets     =         2048]
----------------------------------------------------------
  1502 requests in 15.03s, 184.82KB read
Requests/sec:     99.94
Transfer/sec:     12.30KB
