Running 15s test @ http://127.0.0.1:3002/
  2 threads and 150 connections
  Thread calibration: mean lat.: 25.842ms, rate sampling interval: 156ms
  Thread calibration: mean lat.: 13.927ms, rate sampling interval: 141ms
  Thread Stats   Avg      Stdev     Max   +/- Stdev
    Latency    19.52ms   31.22ms  97.60ms   75.78%
    Req/Sec    49.77     78.50   219.00     78.69%
  Latency Distribution (HdrHistogram - Recorded Latency)
 50.000%    1.23ms
 75.000%   42.14ms
 90.000%   75.26ms
 99.000%   92.54ms
 99.900%   97.66ms
 99.990%   97.66ms
 99.999%   97.66ms
100.000%   97.66ms

  Detailed Percentile spectrum:
       Value   Percentile   TotalCount 1/(1-Percentile)

       0.203     0.000000            1         1.00
       0.516     0.100000           45         1.11
       0.774     0.200000           90         1.25
       0.956     0.300000          135         1.43
       1.103     0.400000          180         1.67
       1.230     0.500000          225         2.00
       1.325     0.550000          248         2.22
       1.455     0.600000          270         2.50
       1.618     0.650000          293         2.86
       1.990     0.700000          315         3.33
      42.143     0.750000          338         4.00
      60.383     0.775000          349         4.44
      64.799     0.800000          360         5.00
      68.095     0.825000          373         5.71
      69.823     0.850000          383         6.67
      72.447     0.875000          394         8.00
      73.343     0.887500          400         8.89
      75.263     0.900000          405        10.00
      75.839     0.912500          411        11.43
      77.055     0.925000          417        13.33
      78.847     0.937500          422        16.00
      79.935     0.943750          425        17.78
      80.447     0.950000          428        20.00
      81.023     0.956250          431        22.86
      82.303     0.962500          434        26.67
      82.879     0.968750          436        32.00
      83.519     0.971875          438        35.56
      83.583     0.975000          439        40.00
      85.567     0.978125          441        45.71
      86.015     0.981250          442        53.33
      87.231     0.984375          443        64.00
      89.279     0.985938          444        71.11
      91.967     0.987500          445        80.00
      92.543     0.989062          446        91.43
      92.543     0.990625          446       106.67
      93.887     0.992188          447       128.00
      93.887     0.992969          447       142.22
      94.079     0.993750          448       160.00
      94.079     0.994531          448       182.86
      94.079     0.995313          448       213.33
      95.551     0.996094          449       256.00
      95.551     0.996484          449       284.44
      95.551     0.996875          449       320.00
      95.551     0.997266          449       365.71
      95.551     0.997656          449       426.67
      97.663     0.998047          450       512.00
      97.663     1.000000          450          inf
#[Mean    =       19.517, StdDeviation   =       31.218]
#[Max     =       97.600, Total count    =          450]
#[Buckets =           27, SubBuckets     =         2048]
----------------------------------------------------------
  1502 requests in 15.02s, 184.82KB read
Requests/sec:     99.98
Transfer/sec:     12.30KB
